{"level":"info","message":"Branch validation successful: bloga","timestamp":"2026-02-06T08:29:14.900Z"}
{"module":"","level":"info","message":"Copying content to the backup directory...","timestamp":"2026-02-06T08:29:14.905Z"}
{"module":"","level":"info","message":"Starting audit process","timestamp":"2026-02-06T08:29:14.916Z"}
{"module":"audit","level":"info","message":"Starting audit command: cm:stacks:audit:fix","timestamp":"2026-02-06T08:29:15.077Z"}
{"module":"content-types","level":"success","message":"Content-types audit completed. Found 0 issues","timestamp":"2026-02-06T08:29:15.090Z"}
{"module":"audit","level":"info","message":"Retrieved 0 content types and 0 global fields","timestamp":"2026-02-06T08:29:15.080Z"}
{"module":"content-types","level":"info","message":"Starting audit for module: content-types","timestamp":"2026-02-06T08:29:15.084Z"}
{"module":"content-types","level":"info","message":"Executing content-types audit","timestamp":"2026-02-06T08:29:15.087Z"}
{"module":"content-types","level":"info","message":"Missing references count: 0","timestamp":"2026-02-06T08:29:15.089Z"}
{"module":"field-rules","level":"info","message":"Starting audit for module: field-rules","timestamp":"2026-02-06T08:29:15.091Z"}
{"module":"field-rules","level":"info","message":"Executing field-rules audit","timestamp":"2026-02-06T08:29:15.092Z"}
{"module":"field-rules","level":"info","message":"Missing references count: 0","timestamp":"2026-02-06T08:29:15.094Z"}
{"module":"field-rules","level":"info","message":"Missing references count: 2","timestamp":"2026-02-06T08:29:15.095Z"}
{"module":"field-rules","level":"info","message":"No missing references found.","timestamp":"2026-02-06T08:29:15.107Z"}
{"module":"","level":"info","message":"Audit process completed","timestamp":"2026-02-06T08:29:15.108Z"}
{"module":"field-rules","level":"success","message":"Field-rules audit completed. Found 0 issues","timestamp":"2026-02-06T08:29:15.095Z"}
{"module":"","level":"info","message":"Starting to import content version 1","timestamp":"2026-02-06T08:29:16.071Z"}
{"module":"","level":"success","message":"Successfully imported the content to the stack named Training Stack with the API key blt3b046e66146fad38 .","timestamp":"2026-02-06T08:29:16.085Z"}
{"module":"","level":"info","message":"Starting import of content-types module","timestamp":"2026-02-06T08:29:16.072Z"}
{"module":"","level":"info","message":"The backup content has been stored at: C:\\NewCSCMS\\contentstack-nextjs-starter-app\\_backup_273","timestamp":"2026-02-06T08:29:16.096Z"}
{"module":"","level":"success","message":"The log has been stored at: C:\\NewCSCMS\\contentstack-nextjs-starter-app\\logs","timestamp":"2026-02-06T08:29:16.095Z"}
