{"level":"info","message":"Branch validation successful: bloga","timestamp":"2026-02-06T08:38:57.584Z"}
{"module":"","level":"info","message":"Copying content to the backup directory...","timestamp":"2026-02-06T08:38:57.588Z"}
{"module":"","level":"info","message":"Starting audit process","timestamp":"2026-02-06T08:38:57.597Z"}
{"module":"audit","level":"info","message":"Starting audit command: cm:stacks:audit:fix","timestamp":"2026-02-06T08:38:57.737Z"}
{"module":"content-types","level":"success","message":"Content-types audit completed. Found 0 issues","timestamp":"2026-02-06T08:38:57.748Z"}
{"module":"audit","level":"info","message":"Retrieved 0 content types and 0 global fields","timestamp":"2026-02-06T08:38:57.739Z"}
{"module":"field-rules","level":"success","message":"Field-rules audit completed. Found 0 issues","timestamp":"2026-02-06T08:38:57.753Z"}
{"module":"content-types","level":"info","message":"Starting audit for module: content-types","timestamp":"2026-02-06T08:38:57.743Z"}
{"module":"content-types","level":"info","message":"Executing content-types audit","timestamp":"2026-02-06T08:38:57.745Z"}
{"module":"content-types","level":"info","message":"Missing references count: 0","timestamp":"2026-02-06T08:38:57.748Z"}
{"module":"field-rules","level":"info","message":"Starting audit for module: field-rules","timestamp":"2026-02-06T08:38:57.749Z"}
{"module":"field-rules","level":"info","message":"Executing field-rules audit","timestamp":"2026-02-06T08:38:57.750Z"}
{"module":"field-rules","level":"info","message":"Missing references count: 0","timestamp":"2026-02-06T08:38:57.753Z"}
{"module":"field-rules","level":"info","message":"Missing references count: 2","timestamp":"2026-02-06T08:38:57.754Z"}
{"module":"field-rules","level":"info","message":"No missing references found.","timestamp":"2026-02-06T08:38:57.764Z"}
{"module":"","level":"info","message":"Audit process completed","timestamp":"2026-02-06T08:38:57.765Z"}
{"module":"","level":"info","message":"Starting to import content version 1","timestamp":"2026-02-06T08:38:58.445Z"}
{"module":"","level":"success","message":"Successfully imported the content to the stack named Training Stack with the API key blt3b046e66146fad38 .","timestamp":"2026-02-06T08:38:58.454Z"}
{"module":"","level":"info","message":"Starting import of content-types module","timestamp":"2026-02-06T08:38:58.446Z"}
{"module":"","level":"info","message":"The backup content has been stored at: C:\\NewCSCMS\\contentstack-nextjs-starter-app\\_backup_436","timestamp":"2026-02-06T08:38:58.461Z"}
{"module":"","level":"success","message":"The log has been stored at: C:\\NewCSCMS\\contentstack-nextjs-starter-app\\logs","timestamp":"2026-02-06T08:38:58.460Z"}
